{"C:\\Projects\\mmongan\\unitcircle\\unitcirclevr\\src\\CodeParser.ts": {"path":"C:\\Projects\\mmongan\\unitcircle\\unitcirclevr\\src\\CodeParser.ts","all":false,"statementMap":{"15":{"start":{"line":16,"column":0},"end":{"line":16,"column":25}},"19":{"start":{"line":20,"column":0},"end":{"line":20,"column":88}},"20":{"start":{"line":21,"column":0},"end":{"line":21,"column":54}},"21":{"start":{"line":22,"column":0},"end":{"line":22,"column":49}},"24":{"start":{"line":25,"column":0},"end":{"line":25,"column":68}},"27":{"start":{"line":28,"column":0},"end":{"line":28,"column":62}},"29":{"start":{"line":30,"column":0},"end":{"line":30,"column":32}},"30":{"start":{"line":31,"column":0},"end":{"line":31,"column":3}},"32":{"start":{"line":33,"column":0},"end":{"line":33,"column":157}},"33":{"start":{"line":34,"column":0},"end":{"line":34,"column":53}},"34":{"start":{"line":35,"column":0},"end":{"line":35,"column":76}},"35":{"start":{"line":36,"column":0},"end":{"line":36,"column":5}},"36":{"start":{"line":37,"column":0},"end":{"line":37,"column":3}},"38":{"start":{"line":39,"column":0},"end":{"line":39,"column":158}},"39":{"start":{"line":40,"column":0},"end":{"line":40,"column":137}},"41":{"start":{"line":42,"column":0},"end":{"line":42,"column":42}},"42":{"start":{"line":43,"column":0},"end":{"line":43,"column":48}},"43":{"start":{"line":44,"column":0},"end":{"line":44,"column":58}},"44":{"start":{"line":45,"column":0},"end":{"line":45,"column":75}},"45":{"start":{"line":46,"column":0},"end":{"line":46,"column":57}},"46":{"start":{"line":47,"column":0},"end":{"line":47,"column":80}},"47":{"start":{"line":48,"column":0},"end":{"line":48,"column":41}},"48":{"start":{"line":49,"column":0},"end":{"line":49,"column":7}},"49":{"start":{"line":50,"column":0},"end":{"line":50,"column":5}},"50":{"start":{"line":51,"column":0},"end":{"line":51,"column":3}},"52":{"start":{"line":53,"column":0},"end":{"line":53,"column":78}},"53":{"start":{"line":54,"column":0},"end":{"line":54,"column":58}},"54":{"start":{"line":55,"column":0},"end":{"line":55,"column":3}},"56":{"start":{"line":57,"column":0},"end":{"line":57,"column":151}},"57":{"start":{"line":58,"column":0},"end":{"line":58,"column":53}},"58":{"start":{"line":59,"column":0},"end":{"line":59,"column":69}},"59":{"start":{"line":60,"column":0},"end":{"line":60,"column":5}},"60":{"start":{"line":61,"column":0},"end":{"line":61,"column":3}},"62":{"start":{"line":63,"column":0},"end":{"line":63,"column":151}},"63":{"start":{"line":64,"column":0},"end":{"line":64,"column":56}},"64":{"start":{"line":65,"column":0},"end":{"line":65,"column":38}},"65":{"start":{"line":66,"column":0},"end":{"line":66,"column":42}},"66":{"start":{"line":67,"column":0},"end":{"line":67,"column":70}},"67":{"start":{"line":68,"column":0},"end":{"line":68,"column":75}},"68":{"start":{"line":69,"column":0},"end":{"line":69,"column":94}},"69":{"start":{"line":70,"column":0},"end":{"line":70,"column":7}},"70":{"start":{"line":71,"column":0},"end":{"line":71,"column":5}},"71":{"start":{"line":72,"column":0},"end":{"line":72,"column":3}},"73":{"start":{"line":74,"column":0},"end":{"line":74,"column":182}},"74":{"start":{"line":75,"column":0},"end":{"line":75,"column":76}},"76":{"start":{"line":77,"column":0},"end":{"line":77,"column":42}},"77":{"start":{"line":78,"column":0},"end":{"line":78,"column":86}},"79":{"start":{"line":80,"column":0},"end":{"line":80,"column":49}},"80":{"start":{"line":81,"column":0},"end":{"line":81,"column":36}},"81":{"start":{"line":82,"column":0},"end":{"line":82,"column":57}},"82":{"start":{"line":83,"column":0},"end":{"line":83,"column":34}},"83":{"start":{"line":84,"column":0},"end":{"line":84,"column":37}},"84":{"start":{"line":85,"column":0},"end":{"line":85,"column":9}},"85":{"start":{"line":86,"column":0},"end":{"line":86,"column":7}},"86":{"start":{"line":87,"column":0},"end":{"line":87,"column":5}},"87":{"start":{"line":88,"column":0},"end":{"line":88,"column":3}},"89":{"start":{"line":90,"column":0},"end":{"line":90,"column":100}},"90":{"start":{"line":91,"column":0},"end":{"line":91,"column":42}},"91":{"start":{"line":92,"column":0},"end":{"line":92,"column":48}},"92":{"start":{"line":93,"column":0},"end":{"line":93,"column":33}},"93":{"start":{"line":94,"column":0},"end":{"line":94,"column":3}},"95":{"start":{"line":96,"column":0},"end":{"line":96,"column":51}},"96":{"start":{"line":97,"column":0},"end":{"line":97,"column":22}},"97":{"start":{"line":98,"column":0},"end":{"line":98,"column":90}},"98":{"start":{"line":99,"column":0},"end":{"line":99,"column":86}},"99":{"start":{"line":100,"column":0},"end":{"line":100,"column":85}},"100":{"start":{"line":101,"column":0},"end":{"line":101,"column":89}},"101":{"start":{"line":102,"column":0},"end":{"line":102,"column":89}},"102":{"start":{"line":103,"column":0},"end":{"line":103,"column":54}},"103":{"start":{"line":104,"column":0},"end":{"line":104,"column":6}},"104":{"start":{"line":105,"column":0},"end":{"line":105,"column":35}},"105":{"start":{"line":106,"column":0},"end":{"line":106,"column":3}},"107":{"start":{"line":108,"column":0},"end":{"line":108,"column":128}},"108":{"start":{"line":109,"column":0},"end":{"line":109,"column":67}},"109":{"start":{"line":110,"column":0},"end":{"line":110,"column":80}},"110":{"start":{"line":111,"column":0},"end":{"line":111,"column":6}},"112":{"start":{"line":113,"column":0},"end":{"line":113,"column":50}},"115":{"start":{"line":116,"column":0},"end":{"line":116,"column":83}},"116":{"start":{"line":117,"column":0},"end":{"line":117,"column":3}},"117":{"start":{"line":118,"column":0},"end":{"line":118,"column":1}}},"s":{"15":1,"19":1,"20":68,"21":68,"24":68,"27":68,"29":68,"30":68,"32":1,"33":68,"34":119,"35":119,"36":68,"38":1,"39":119,"41":119,"42":211,"43":211,"44":211,"45":211,"46":211,"47":211,"48":211,"49":211,"50":119,"52":1,"53":846,"54":846,"56":1,"57":68,"58":119,"59":119,"60":68,"62":1,"63":119,"64":119,"65":671,"66":671,"67":635,"68":635,"69":635,"70":671,"71":119,"73":1,"74":635,"76":635,"77":632,"79":632,"80":627,"81":396,"82":396,"83":396,"84":396,"85":627,"86":632,"87":635,"89":1,"90":632,"91":632,"92":632,"93":632,"95":1,"96":882,"97":882,"98":882,"99":882,"100":882,"101":882,"102":882,"103":882,"104":882,"105":882,"107":1,"108":635,"109":635,"110":635,"112":635,"115":632,"116":635,"117":1},"branchMap":{"0":{"type":"branch","line":20,"loc":{"start":{"line":20,"column":2},"end":{"line":31,"column":3}},"locations":[{"start":{"line":20,"column":2},"end":{"line":31,"column":3}}]},"1":{"type":"branch","line":33,"loc":{"start":{"line":33,"column":17},"end":{"line":37,"column":3}},"locations":[{"start":{"line":33,"column":17},"end":{"line":37,"column":3}}]},"2":{"type":"branch","line":34,"loc":{"start":{"line":34,"column":52},"end":{"line":36,"column":5}},"locations":[{"start":{"line":34,"column":52},"end":{"line":36,"column":5}}]},"3":{"type":"branch","line":39,"loc":{"start":{"line":39,"column":17},"end":{"line":51,"column":3}},"locations":[{"start":{"line":39,"column":17},"end":{"line":51,"column":3}}]},"4":{"type":"branch","line":42,"loc":{"start":{"line":42,"column":41},"end":{"line":50,"column":5}},"locations":[{"start":{"line":42,"column":41},"end":{"line":50,"column":5}}]},"5":{"type":"branch","line":43,"loc":{"start":{"line":43,"column":34},"end":{"line":43,"column":48}},"locations":[{"start":{"line":43,"column":34},"end":{"line":43,"column":48}}]},"6":{"type":"branch","line":53,"loc":{"start":{"line":53,"column":17},"end":{"line":55,"column":3}},"locations":[{"start":{"line":53,"column":17},"end":{"line":55,"column":3}}]},"7":{"type":"branch","line":57,"loc":{"start":{"line":57,"column":17},"end":{"line":61,"column":3}},"locations":[{"start":{"line":57,"column":17},"end":{"line":61,"column":3}}]},"8":{"type":"branch","line":58,"loc":{"start":{"line":58,"column":52},"end":{"line":60,"column":5}},"locations":[{"start":{"line":58,"column":52},"end":{"line":60,"column":5}}]},"9":{"type":"branch","line":63,"loc":{"start":{"line":63,"column":17},"end":{"line":72,"column":3}},"locations":[{"start":{"line":63,"column":17},"end":{"line":72,"column":3}}]},"10":{"type":"branch","line":65,"loc":{"start":{"line":65,"column":37},"end":{"line":71,"column":5}},"locations":[{"start":{"line":65,"column":37},"end":{"line":71,"column":5}}]},"11":{"type":"branch","line":67,"loc":{"start":{"line":67,"column":69},"end":{"line":70,"column":7}},"locations":[{"start":{"line":67,"column":69},"end":{"line":70,"column":7}}]},"12":{"type":"branch","line":74,"loc":{"start":{"line":74,"column":17},"end":{"line":88,"column":3}},"locations":[{"start":{"line":74,"column":17},"end":{"line":88,"column":3}}]},"13":{"type":"branch","line":77,"loc":{"start":{"line":77,"column":8},"end":{"line":77,"column":41}},"locations":[{"start":{"line":77,"column":8},"end":{"line":77,"column":41}}]},"14":{"type":"branch","line":77,"loc":{"start":{"line":77,"column":41},"end":{"line":87,"column":5}},"locations":[{"start":{"line":77,"column":41},"end":{"line":87,"column":5}}]},"15":{"type":"branch","line":80,"loc":{"start":{"line":80,"column":48},"end":{"line":86,"column":7}},"locations":[{"start":{"line":80,"column":48},"end":{"line":86,"column":7}}]},"16":{"type":"branch","line":81,"loc":{"start":{"line":81,"column":35},"end":{"line":85,"column":9}},"locations":[{"start":{"line":81,"column":35},"end":{"line":85,"column":9}}]},"17":{"type":"branch","line":82,"loc":{"start":{"line":82,"column":42},"end":{"line":82,"column":57}},"locations":[{"start":{"line":82,"column":42},"end":{"line":82,"column":57}}]},"18":{"type":"branch","line":90,"loc":{"start":{"line":90,"column":17},"end":{"line":94,"column":3}},"locations":[{"start":{"line":90,"column":17},"end":{"line":94,"column":3}}]},"19":{"type":"branch","line":92,"loc":{"start":{"line":92,"column":14},"end":{"line":92,"column":47}},"locations":[{"start":{"line":92,"column":14},"end":{"line":92,"column":47}}]},"20":{"type":"branch","line":93,"loc":{"start":{"line":93,"column":11},"end":{"line":93,"column":31}},"locations":[{"start":{"line":93,"column":11},"end":{"line":93,"column":31}}]},"21":{"type":"branch","line":96,"loc":{"start":{"line":96,"column":17},"end":{"line":106,"column":3}},"locations":[{"start":{"line":96,"column":17},"end":{"line":106,"column":3}}]},"22":{"type":"branch","line":108,"loc":{"start":{"line":108,"column":17},"end":{"line":117,"column":3}},"locations":[{"start":{"line":108,"column":17},"end":{"line":117,"column":3}}]},"23":{"type":"branch","line":113,"loc":{"start":{"line":113,"column":38},"end":{"line":113,"column":50}},"locations":[{"start":{"line":113,"column":38},"end":{"line":113,"column":50}}]},"24":{"type":"branch","line":113,"loc":{"start":{"line":113,"column":45},"end":{"line":116,"column":83}},"locations":[{"start":{"line":113,"column":45},"end":{"line":116,"column":83}}]},"25":{"type":"branch","line":110,"loc":{"start":{"line":110,"column":6},"end":{"line":110,"column":80}},"locations":[{"start":{"line":110,"column":6},"end":{"line":110,"column":80}}]},"26":{"type":"branch","line":110,"loc":{"start":{"line":110,"column":39},"end":{"line":110,"column":80}},"locations":[{"start":{"line":110,"column":39},"end":{"line":110,"column":80}}]},"27":{"type":"branch","line":116,"loc":{"start":{"line":116,"column":32},"end":{"line":116,"column":75}},"locations":[{"start":{"line":116,"column":32},"end":{"line":116,"column":75}}]}},"b":{"0":[68],"1":[68],"2":[119],"3":[119],"4":[211],"5":[0],"6":[846],"7":[68],"8":[119],"9":[119],"10":[671],"11":[635],"12":[635],"13":[632],"14":[632],"15":[627],"16":[396],"17":[0],"18":[632],"19":[21031],"20":[627],"21":[882],"22":[635],"23":[3],"24":[632],"25":[21031],"26":[18573],"27":[8961]},"fnMap":{"0":{"name":"parseSourceFiles","decl":{"start":{"line":20,"column":2},"end":{"line":31,"column":3}},"loc":{"start":{"line":20,"column":2},"end":{"line":31,"column":3}},"line":20},"1":{"name":"extractFunctionDefinitions","decl":{"start":{"line":33,"column":17},"end":{"line":37,"column":3}},"loc":{"start":{"line":33,"column":17},"end":{"line":37,"column":3}},"line":33},"2":{"name":"processFunctionDeclarations","decl":{"start":{"line":39,"column":17},"end":{"line":51,"column":3}},"loc":{"start":{"line":39,"column":17},"end":{"line":51,"column":3}},"line":39},"3":{"name":"calculateLineNumber","decl":{"start":{"line":53,"column":17},"end":{"line":55,"column":3}},"loc":{"start":{"line":53,"column":17},"end":{"line":55,"column":3}},"line":53},"4":{"name":"extractFunctionCalls","decl":{"start":{"line":57,"column":17},"end":{"line":61,"column":3}},"loc":{"start":{"line":57,"column":17},"end":{"line":61,"column":3}},"line":57},"5":{"name":"processFunctionCalls","decl":{"start":{"line":63,"column":17},"end":{"line":72,"column":3}},"loc":{"start":{"line":63,"column":17},"end":{"line":72,"column":3}},"line":63},"6":{"name":"registerFunctionCall","decl":{"start":{"line":74,"column":17},"end":{"line":88,"column":3}},"loc":{"start":{"line":74,"column":17},"end":{"line":88,"column":3}},"line":74},"7":{"name":"findFunctionsByName","decl":{"start":{"line":90,"column":17},"end":{"line":94,"column":3}},"loc":{"start":{"line":90,"column":17},"end":{"line":94,"column":3}},"line":90},"8":{"name":"isKeyword","decl":{"start":{"line":96,"column":17},"end":{"line":106,"column":3}},"loc":{"start":{"line":96,"column":17},"end":{"line":106,"column":3}},"line":96},"9":{"name":"findFunctionAtLine","decl":{"start":{"line":108,"column":17},"end":{"line":117,"column":3}},"loc":{"start":{"line":108,"column":17},"end":{"line":117,"column":3}},"line":108}},"f":{"0":68,"1":68,"2":119,"3":846,"4":68,"5":119,"6":635,"7":632,"8":882,"9":635}}
,"C:\\Projects\\mmongan\\unitcircle\\unitcirclevr\\src\\ForceDirectedLayout.ts": {"path":"C:\\Projects\\mmongan\\unitcircle\\unitcirclevr\\src\\ForceDirectedLayout.ts","all":false,"statementMap":{"16":{"start":{"line":17,"column":0},"end":{"line":17,"column":34}},"17":{"start":{"line":18,"column":0},"end":{"line":18,"column":35}},"18":{"start":{"line":19,"column":0},"end":{"line":19,"column":24}},"19":{"start":{"line":20,"column":0},"end":{"line":20,"column":44}},"20":{"start":{"line":21,"column":0},"end":{"line":21,"column":67}},"21":{"start":{"line":22,"column":0},"end":{"line":22,"column":69}},"22":{"start":{"line":23,"column":0},"end":{"line":23,"column":53}},"24":{"start":{"line":25,"column":0},"end":{"line":25,"column":49}},"25":{"start":{"line":26,"column":0},"end":{"line":26,"column":27}},"26":{"start":{"line":27,"column":0},"end":{"line":27,"column":23}},"29":{"start":{"line":30,"column":0},"end":{"line":30,"column":31}},"30":{"start":{"line":31,"column":0},"end":{"line":31,"column":26}},"31":{"start":{"line":32,"column":0},"end":{"line":32,"column":11}},"32":{"start":{"line":33,"column":0},"end":{"line":33,"column":19}},"33":{"start":{"line":34,"column":0},"end":{"line":34,"column":40}},"34":{"start":{"line":35,"column":0},"end":{"line":35,"column":40}},"35":{"start":{"line":36,"column":0},"end":{"line":36,"column":39}},"36":{"start":{"line":37,"column":0},"end":{"line":37,"column":10}},"37":{"start":{"line":38,"column":0},"end":{"line":38,"column":39}},"38":{"start":{"line":39,"column":0},"end":{"line":39,"column":31}},"39":{"start":{"line":40,"column":0},"end":{"line":40,"column":9}},"40":{"start":{"line":41,"column":0},"end":{"line":41,"column":5}},"43":{"start":{"line":44,"column":0},"end":{"line":44,"column":46}},"44":{"start":{"line":45,"column":0},"end":{"line":45,"column":3}},"49":{"start":{"line":50,"column":0},"end":{"line":50,"column":64}},"50":{"start":{"line":51,"column":0},"end":{"line":51,"column":30}},"51":{"start":{"line":52,"column":0},"end":{"line":52,"column":42}},"52":{"start":{"line":53,"column":0},"end":{"line":53,"column":28}},"53":{"start":{"line":54,"column":0},"end":{"line":54,"column":5}},"54":{"start":{"line":55,"column":0},"end":{"line":55,"column":34}},"55":{"start":{"line":56,"column":0},"end":{"line":56,"column":22}},"56":{"start":{"line":57,"column":0},"end":{"line":57,"column":3}},"58":{"start":{"line":59,"column":0},"end":{"line":59,"column":38}},"60":{"start":{"line":61,"column":0},"end":{"line":61,"column":45}},"61":{"start":{"line":62,"column":0},"end":{"line":62,"column":27}},"62":{"start":{"line":63,"column":0},"end":{"line":63,"column":45}},"63":{"start":{"line":64,"column":0},"end":{"line":64,"column":7}},"64":{"start":{"line":65,"column":0},"end":{"line":65,"column":5}},"65":{"start":{"line":66,"column":0},"end":{"line":66,"column":3}},"67":{"start":{"line":68,"column":0},"end":{"line":68,"column":42}},"69":{"start":{"line":70,"column":0},"end":{"line":70,"column":21}},"70":{"start":{"line":71,"column":0},"end":{"line":71,"column":45}},"71":{"start":{"line":72,"column":0},"end":{"line":72,"column":75}},"72":{"start":{"line":73,"column":0},"end":{"line":73,"column":75}},"73":{"start":{"line":74,"column":0},"end":{"line":74,"column":75}},"74":{"start":{"line":75,"column":0},"end":{"line":75,"column":5}},"75":{"start":{"line":76,"column":0},"end":{"line":76,"column":3}},"77":{"start":{"line":78,"column":0},"end":{"line":78,"column":34}},"78":{"start":{"line":79,"column":0},"end":{"line":79,"column":42}},"79":{"start":{"line":80,"column":0},"end":{"line":80,"column":29}},"80":{"start":{"line":81,"column":0},"end":{"line":81,"column":3}},"82":{"start":{"line":83,"column":0},"end":{"line":83,"column":79}},"83":{"start":{"line":84,"column":0},"end":{"line":84,"column":74}},"84":{"start":{"line":85,"column":0},"end":{"line":85,"column":41}},"85":{"start":{"line":86,"column":0},"end":{"line":86,"column":43}},"86":{"start":{"line":87,"column":0},"end":{"line":87,"column":5}},"88":{"start":{"line":89,"column":0},"end":{"line":89,"column":38}},"89":{"start":{"line":90,"column":0},"end":{"line":90,"column":39}},"90":{"start":{"line":91,"column":0},"end":{"line":91,"column":18}},"91":{"start":{"line":92,"column":0},"end":{"line":92,"column":3}},"93":{"start":{"line":94,"column":0},"end":{"line":94,"column":96}},"95":{"start":{"line":96,"column":0},"end":{"line":96,"column":54}},"96":{"start":{"line":97,"column":0},"end":{"line":97,"column":48}},"97":{"start":{"line":98,"column":0},"end":{"line":98,"column":54}},"98":{"start":{"line":99,"column":0},"end":{"line":99,"column":32}},"99":{"start":{"line":100,"column":0},"end":{"line":100,"column":32}},"101":{"start":{"line":102,"column":0},"end":{"line":102,"column":49}},"102":{"start":{"line":103,"column":0},"end":{"line":103,"column":49}},"103":{"start":{"line":104,"column":0},"end":{"line":104,"column":49}},"104":{"start":{"line":105,"column":0},"end":{"line":105,"column":71}},"106":{"start":{"line":107,"column":0},"end":{"line":107,"column":75}},"107":{"start":{"line":108,"column":0},"end":{"line":108,"column":43}},"108":{"start":{"line":109,"column":0},"end":{"line":109,"column":43}},"109":{"start":{"line":110,"column":0},"end":{"line":110,"column":43}},"111":{"start":{"line":112,"column":0},"end":{"line":112,"column":61}},"112":{"start":{"line":113,"column":0},"end":{"line":113,"column":61}},"114":{"start":{"line":115,"column":0},"end":{"line":115,"column":19}},"115":{"start":{"line":116,"column":0},"end":{"line":116,"column":19}},"116":{"start":{"line":117,"column":0},"end":{"line":117,"column":19}},"117":{"start":{"line":118,"column":0},"end":{"line":118,"column":19}},"118":{"start":{"line":119,"column":0},"end":{"line":119,"column":19}},"119":{"start":{"line":120,"column":0},"end":{"line":120,"column":19}},"121":{"start":{"line":122,"column":0},"end":{"line":122,"column":30}},"122":{"start":{"line":123,"column":0},"end":{"line":123,"column":30}},"123":{"start":{"line":124,"column":0},"end":{"line":124,"column":7}},"124":{"start":{"line":125,"column":0},"end":{"line":125,"column":5}},"125":{"start":{"line":126,"column":0},"end":{"line":126,"column":3}},"127":{"start":{"line":128,"column":0},"end":{"line":128,"column":97}},"129":{"start":{"line":130,"column":0},"end":{"line":130,"column":36}},"130":{"start":{"line":131,"column":0},"end":{"line":131,"column":49}},"131":{"start":{"line":132,"column":0},"end":{"line":132,"column":49}},"133":{"start":{"line":134,"column":0},"end":{"line":134,"column":29}},"134":{"start":{"line":135,"column":0},"end":{"line":135,"column":57}},"135":{"start":{"line":136,"column":0},"end":{"line":136,"column":57}},"136":{"start":{"line":137,"column":0},"end":{"line":137,"column":57}},"137":{"start":{"line":138,"column":0},"end":{"line":138,"column":71}},"140":{"start":{"line":141,"column":0},"end":{"line":141,"column":76}},"141":{"start":{"line":142,"column":0},"end":{"line":142,"column":43}},"142":{"start":{"line":143,"column":0},"end":{"line":143,"column":43}},"143":{"start":{"line":144,"column":0},"end":{"line":144,"column":43}},"145":{"start":{"line":146,"column":0},"end":{"line":146,"column":65}},"146":{"start":{"line":147,"column":0},"end":{"line":147,"column":65}},"148":{"start":{"line":149,"column":0},"end":{"line":149,"column":19}},"149":{"start":{"line":150,"column":0},"end":{"line":150,"column":19}},"150":{"start":{"line":151,"column":0},"end":{"line":151,"column":19}},"151":{"start":{"line":152,"column":0},"end":{"line":152,"column":19}},"152":{"start":{"line":153,"column":0},"end":{"line":153,"column":19}},"153":{"start":{"line":154,"column":0},"end":{"line":154,"column":19}},"155":{"start":{"line":156,"column":0},"end":{"line":156,"column":34}},"156":{"start":{"line":157,"column":0},"end":{"line":157,"column":34}},"157":{"start":{"line":158,"column":0},"end":{"line":158,"column":7}},"158":{"start":{"line":159,"column":0},"end":{"line":159,"column":5}},"159":{"start":{"line":160,"column":0},"end":{"line":160,"column":3}},"161":{"start":{"line":162,"column":0},"end":{"line":162,"column":87}},"162":{"start":{"line":163,"column":0},"end":{"line":163,"column":39}},"163":{"start":{"line":164,"column":0},"end":{"line":164,"column":38}},"164":{"start":{"line":165,"column":0},"end":{"line":165,"column":17}},"165":{"start":{"line":166,"column":0},"end":{"line":166,"column":45}},"166":{"start":{"line":167,"column":0},"end":{"line":167,"column":38}},"167":{"start":{"line":168,"column":0},"end":{"line":168,"column":7}},"168":{"start":{"line":169,"column":0},"end":{"line":169,"column":5}},"169":{"start":{"line":170,"column":0},"end":{"line":170,"column":3}},"171":{"start":{"line":172,"column":0},"end":{"line":172,"column":92}},"172":{"start":{"line":173,"column":0},"end":{"line":173,"column":65}},"173":{"start":{"line":174,"column":0},"end":{"line":174,"column":65}},"174":{"start":{"line":175,"column":0},"end":{"line":175,"column":65}},"175":{"start":{"line":176,"column":0},"end":{"line":176,"column":3}},"177":{"start":{"line":178,"column":0},"end":{"line":178,"column":48}},"178":{"start":{"line":179,"column":0},"end":{"line":179,"column":46}},"179":{"start":{"line":180,"column":0},"end":{"line":180,"column":46}},"180":{"start":{"line":181,"column":0},"end":{"line":181,"column":46}},"181":{"start":{"line":182,"column":0},"end":{"line":182,"column":3}},"183":{"start":{"line":184,"column":0},"end":{"line":184,"column":40}},"184":{"start":{"line":185,"column":0},"end":{"line":185,"column":22}},"185":{"start":{"line":186,"column":0},"end":{"line":186,"column":3}},"187":{"start":{"line":188,"column":0},"end":{"line":188,"column":29}},"188":{"start":{"line":189,"column":0},"end":{"line":189,"column":22}},"189":{"start":{"line":190,"column":0},"end":{"line":190,"column":3}},"190":{"start":{"line":191,"column":0},"end":{"line":191,"column":1}}},"s":{"16":1,"17":19,"18":19,"19":19,"20":19,"21":19,"22":19,"24":19,"25":19,"26":19,"29":19,"30":93,"31":93,"32":93,"33":93,"34":93,"35":93,"36":93,"37":93,"38":93,"39":93,"40":93,"43":19,"44":19,"49":19,"50":18,"51":18,"52":1061,"53":1061,"54":18,"55":18,"56":18,"58":19,"60":18,"61":90,"62":0,"63":0,"64":90,"65":18,"67":19,"69":18,"70":18,"71":90,"72":90,"73":90,"74":90,"75":18,"77":19,"78":1061,"79":1061,"80":1061,"82":19,"83":1061,"84":1061,"85":6592,"86":6592,"88":1061,"89":1061,"90":1061,"91":1061,"93":19,"95":1061,"96":1061,"97":6592,"98":31831,"99":31831,"101":31831,"102":31831,"103":31831,"104":31831,"106":31831,"107":31831,"108":31831,"109":31831,"111":31831,"112":31831,"114":31831,"115":31831,"116":31831,"117":31831,"118":31831,"119":31831,"121":31831,"122":31831,"123":31831,"124":6592,"125":1061,"127":19,"129":1061,"130":4630,"131":4630,"133":4630,"134":4630,"135":4630,"136":4630,"137":4630,"140":4630,"141":4630,"142":4630,"143":4630,"145":4630,"146":4630,"148":4630,"149":4630,"150":4630,"151":4630,"152":4630,"153":4630,"155":4630,"156":4630,"157":4630,"158":4630,"159":1061,"161":19,"162":1061,"163":6592,"164":6592,"165":6592,"166":6592,"167":6592,"168":6592,"169":1061,"171":19,"172":6592,"173":6592,"174":6592,"175":6592,"177":19,"178":6592,"179":6592,"180":6592,"181":6592,"183":19,"184":0,"185":0,"187":19,"188":0,"189":0,"190":19},"branchMap":{"0":{"type":"branch","line":17,"loc":{"start":{"line":17,"column":33},"end":{"line":191,"column":1}},"locations":[{"start":{"line":17,"column":33},"end":{"line":191,"column":1}}]},"1":{"type":"branch","line":25,"loc":{"start":{"line":25,"column":2},"end":{"line":45,"column":3}},"locations":[{"start":{"line":25,"column":2},"end":{"line":45,"column":3}}]},"2":{"type":"branch","line":30,"loc":{"start":{"line":30,"column":30},"end":{"line":41,"column":5}},"locations":[{"start":{"line":30,"column":30},"end":{"line":41,"column":5}}]},"3":{"type":"branch","line":50,"loc":{"start":{"line":50,"column":9},"end":{"line":57,"column":3}},"locations":[{"start":{"line":50,"column":9},"end":{"line":57,"column":3}}]},"4":{"type":"branch","line":52,"loc":{"start":{"line":52,"column":41},"end":{"line":54,"column":5}},"locations":[{"start":{"line":52,"column":41},"end":{"line":54,"column":5}}]},"5":{"type":"branch","line":59,"loc":{"start":{"line":59,"column":10},"end":{"line":66,"column":3}},"locations":[{"start":{"line":59,"column":10},"end":{"line":66,"column":3}}]},"6":{"type":"branch","line":61,"loc":{"start":{"line":61,"column":44},"end":{"line":65,"column":5}},"locations":[{"start":{"line":61,"column":44},"end":{"line":65,"column":5}}]},"7":{"type":"branch","line":62,"loc":{"start":{"line":62,"column":26},"end":{"line":64,"column":7}},"locations":[{"start":{"line":62,"column":26},"end":{"line":64,"column":7}}]},"8":{"type":"branch","line":68,"loc":{"start":{"line":68,"column":10},"end":{"line":76,"column":3}},"locations":[{"start":{"line":68,"column":10},"end":{"line":76,"column":3}}]},"9":{"type":"branch","line":71,"loc":{"start":{"line":71,"column":44},"end":{"line":75,"column":5}},"locations":[{"start":{"line":71,"column":44},"end":{"line":75,"column":5}}]},"10":{"type":"branch","line":78,"loc":{"start":{"line":78,"column":10},"end":{"line":81,"column":3}},"locations":[{"start":{"line":78,"column":10},"end":{"line":81,"column":3}}]},"11":{"type":"branch","line":83,"loc":{"start":{"line":83,"column":10},"end":{"line":92,"column":3}},"locations":[{"start":{"line":83,"column":10},"end":{"line":92,"column":3}}]},"12":{"type":"branch","line":85,"loc":{"start":{"line":85,"column":40},"end":{"line":87,"column":5}},"locations":[{"start":{"line":85,"column":40},"end":{"line":87,"column":5}}]},"13":{"type":"branch","line":94,"loc":{"start":{"line":94,"column":10},"end":{"line":126,"column":3}},"locations":[{"start":{"line":94,"column":10},"end":{"line":126,"column":3}}]},"14":{"type":"branch","line":97,"loc":{"start":{"line":97,"column":47},"end":{"line":125,"column":5}},"locations":[{"start":{"line":97,"column":47},"end":{"line":125,"column":5}}]},"15":{"type":"branch","line":98,"loc":{"start":{"line":98,"column":53},"end":{"line":124,"column":7}},"locations":[{"start":{"line":98,"column":53},"end":{"line":124,"column":7}}]},"16":{"type":"branch","line":112,"loc":{"start":{"line":112,"column":35},"end":{"line":112,"column":61}},"locations":[{"start":{"line":112,"column":35},"end":{"line":112,"column":61}}]},"17":{"type":"branch","line":113,"loc":{"start":{"line":113,"column":35},"end":{"line":113,"column":61}},"locations":[{"start":{"line":113,"column":35},"end":{"line":113,"column":61}}]},"18":{"type":"branch","line":128,"loc":{"start":{"line":128,"column":10},"end":{"line":160,"column":3}},"locations":[{"start":{"line":128,"column":10},"end":{"line":160,"column":3}}]},"19":{"type":"branch","line":130,"loc":{"start":{"line":130,"column":35},"end":{"line":159,"column":5}},"locations":[{"start":{"line":130,"column":35},"end":{"line":159,"column":5}}]},"20":{"type":"branch","line":146,"loc":{"start":{"line":146,"column":39},"end":{"line":146,"column":65}},"locations":[{"start":{"line":146,"column":39},"end":{"line":146,"column":65}}]},"21":{"type":"branch","line":147,"loc":{"start":{"line":147,"column":39},"end":{"line":147,"column":65}},"locations":[{"start":{"line":147,"column":39},"end":{"line":147,"column":65}}]},"22":{"type":"branch","line":162,"loc":{"start":{"line":162,"column":10},"end":{"line":170,"column":3}},"locations":[{"start":{"line":162,"column":10},"end":{"line":170,"column":3}}]},"23":{"type":"branch","line":163,"loc":{"start":{"line":163,"column":38},"end":{"line":169,"column":5}},"locations":[{"start":{"line":163,"column":38},"end":{"line":169,"column":5}}]},"24":{"type":"branch","line":172,"loc":{"start":{"line":172,"column":10},"end":{"line":176,"column":3}},"locations":[{"start":{"line":172,"column":10},"end":{"line":176,"column":3}}]},"25":{"type":"branch","line":178,"loc":{"start":{"line":178,"column":10},"end":{"line":182,"column":3}},"locations":[{"start":{"line":178,"column":10},"end":{"line":182,"column":3}}]}},"b":{"0":[19],"1":[19],"2":[93],"3":[18],"4":[1061],"5":[18],"6":[90],"7":[0],"8":[18],"9":[90],"10":[1061],"11":[1061],"12":[6592],"13":[1061],"14":[6592],"15":[31831],"16":[0],"17":[0],"18":[1061],"19":[4630],"20":[0],"21":[0],"22":[1061],"23":[6592],"24":[6592],"25":[6592]},"fnMap":{"0":{"name":"<instance_members_initializer>","decl":{"start":{"line":17,"column":33},"end":{"line":191,"column":1}},"loc":{"start":{"line":17,"column":33},"end":{"line":191,"column":1}},"line":17},"1":{"name":"ForceDirectedLayout","decl":{"start":{"line":25,"column":2},"end":{"line":45,"column":3}},"loc":{"start":{"line":25,"column":2},"end":{"line":45,"column":3}},"line":25},"2":{"name":"simulate","decl":{"start":{"line":50,"column":9},"end":{"line":57,"column":3}},"loc":{"start":{"line":50,"column":9},"end":{"line":57,"column":3}},"line":50},"3":{"name":"initializeNodeData","decl":{"start":{"line":59,"column":10},"end":{"line":66,"column":3}},"loc":{"start":{"line":59,"column":10},"end":{"line":66,"column":3}},"line":59},"4":{"name":"constrainNodePositions","decl":{"start":{"line":68,"column":10},"end":{"line":76,"column":3}},"loc":{"start":{"line":68,"column":10},"end":{"line":76,"column":3}},"line":68},"5":{"name":"simulationStep","decl":{"start":{"line":78,"column":10},"end":{"line":81,"column":3}},"loc":{"start":{"line":78,"column":10},"end":{"line":81,"column":3}},"line":78},"6":{"name":"calculateForces","decl":{"start":{"line":83,"column":10},"end":{"line":92,"column":3}},"loc":{"start":{"line":83,"column":10},"end":{"line":92,"column":3}},"line":83},"7":{"name":"applyRepulsiveForces","decl":{"start":{"line":94,"column":10},"end":{"line":126,"column":3}},"loc":{"start":{"line":94,"column":10},"end":{"line":126,"column":3}},"line":94},"8":{"name":"applyAttractiveForces","decl":{"start":{"line":128,"column":10},"end":{"line":160,"column":3}},"loc":{"start":{"line":128,"column":10},"end":{"line":160,"column":3}},"line":128},"9":{"name":"applyForces","decl":{"start":{"line":162,"column":10},"end":{"line":170,"column":3}},"loc":{"start":{"line":162,"column":10},"end":{"line":170,"column":3}},"line":162},"10":{"name":"updateNodeVelocity","decl":{"start":{"line":172,"column":10},"end":{"line":176,"column":3}},"loc":{"start":{"line":172,"column":10},"end":{"line":176,"column":3}},"line":172},"11":{"name":"updateNodePosition","decl":{"start":{"line":178,"column":10},"end":{"line":182,"column":3}},"loc":{"start":{"line":178,"column":10},"end":{"line":182,"column":3}},"line":178},"12":{"name":"getNodes","decl":{"start":{"line":184,"column":9},"end":{"line":186,"column":3}},"loc":{"start":{"line":184,"column":9},"end":{"line":186,"column":3}},"line":184},"13":{"name":"getEdges","decl":{"start":{"line":188,"column":9},"end":{"line":190,"column":3}},"loc":{"start":{"line":188,"column":9},"end":{"line":190,"column":3}},"line":188}},"f":{"0":19,"1":19,"2":18,"3":18,"4":18,"5":1061,"6":1061,"7":1061,"8":1061,"9":1061,"10":6592,"11":6592,"12":0,"13":0}}
,"C:\\Projects\\mmongan\\unitcircle\\unitcirclevr\\src\\VRSceneManager.ts": {"path":"C:\\Projects\\mmongan\\unitcircle\\unitcirclevr\\src\\VRSceneManager.ts","all":false,"statementMap":{"0":{"start":{"line":1,"column":0},"end":{"line":1,"column":43}},"16":{"start":{"line":17,"column":0},"end":{"line":17,"column":29}},"17":{"start":{"line":18,"column":0},"end":{"line":18,"column":33}},"18":{"start":{"line":19,"column":0},"end":{"line":19,"column":31}},"19":{"start":{"line":20,"column":0},"end":{"line":20,"column":43}},"20":{"start":{"line":21,"column":0},"end":{"line":21,"column":44}},"21":{"start":{"line":22,"column":0},"end":{"line":22,"column":39}},"23":{"start":{"line":24,"column":0},"end":{"line":24,"column":42}},"24":{"start":{"line":25,"column":0},"end":{"line":25,"column":51}},"25":{"start":{"line":26,"column":0},"end":{"line":26,"column":48}},"26":{"start":{"line":27,"column":0},"end":{"line":27,"column":40}},"29":{"start":{"line":30,"column":0},"end":{"line":30,"column":72}},"32":{"start":{"line":33,"column":0},"end":{"line":33,"column":25}},"35":{"start":{"line":36,"column":0},"end":{"line":36,"column":29}},"38":{"start":{"line":39,"column":0},"end":{"line":39,"column":24}},"41":{"start":{"line":42,"column":0},"end":{"line":42,"column":39}},"44":{"start":{"line":45,"column":0},"end":{"line":45,"column":22}},"47":{"start":{"line":48,"column":0},"end":{"line":48,"column":66}},"50":{"start":{"line":51,"column":0},"end":{"line":51,"column":29}},"51":{"start":{"line":52,"column":0},"end":{"line":52,"column":3}},"53":{"start":{"line":54,"column":0},"end":{"line":54,"column":33}},"54":{"start":{"line":55,"column":0},"end":{"line":55,"column":98}},"55":{"start":{"line":56,"column":0},"end":{"line":56,"column":26}},"57":{"start":{"line":58,"column":0},"end":{"line":58,"column":28}},"58":{"start":{"line":59,"column":0},"end":{"line":59,"column":3}},"60":{"start":{"line":61,"column":0},"end":{"line":61,"column":36}},"61":{"start":{"line":62,"column":0},"end":{"line":62,"column":103}},"62":{"start":{"line":63,"column":0},"end":{"line":63,"column":31}},"63":{"start":{"line":64,"column":0},"end":{"line":64,"column":3}},"65":{"start":{"line":66,"column":0},"end":{"line":66,"column":56}},"66":{"start":{"line":67,"column":0},"end":{"line":67,"column":100}},"67":{"start":{"line":68,"column":0},"end":{"line":68,"column":44}},"68":{"start":{"line":69,"column":0},"end":{"line":69,"column":30}},"69":{"start":{"line":70,"column":0},"end":{"line":70,"column":42}},"70":{"start":{"line":71,"column":0},"end":{"line":71,"column":3}},"72":{"start":{"line":73,"column":0},"end":{"line":73,"column":32}},"73":{"start":{"line":74,"column":0},"end":{"line":74,"column":103}},"74":{"start":{"line":75,"column":0},"end":{"line":75,"column":35}},"75":{"start":{"line":76,"column":0},"end":{"line":76,"column":76}},"76":{"start":{"line":77,"column":0},"end":{"line":77,"column":100}},"77":{"start":{"line":78,"column":0},"end":{"line":78,"column":3}},"79":{"start":{"line":80,"column":0},"end":{"line":80,"column":62}},"80":{"start":{"line":81,"column":0},"end":{"line":81,"column":9}},"81":{"start":{"line":82,"column":0},"end":{"line":82,"column":43}},"82":{"start":{"line":83,"column":0},"end":{"line":83,"column":44}},"83":{"start":{"line":84,"column":0},"end":{"line":84,"column":38}},"84":{"start":{"line":85,"column":0},"end":{"line":85,"column":36}},"85":{"start":{"line":86,"column":0},"end":{"line":86,"column":7}},"86":{"start":{"line":87,"column":0},"end":{"line":87,"column":21}},"87":{"start":{"line":88,"column":0},"end":{"line":88,"column":69}},"88":{"start":{"line":89,"column":0},"end":{"line":89,"column":5}},"89":{"start":{"line":90,"column":0},"end":{"line":90,"column":3}},"91":{"start":{"line":92,"column":0},"end":{"line":92,"column":56}},"92":{"start":{"line":93,"column":0},"end":{"line":93,"column":94}},"93":{"start":{"line":94,"column":0},"end":{"line":94,"column":3}},"95":{"start":{"line":96,"column":0},"end":{"line":96,"column":56}},"96":{"start":{"line":97,"column":0},"end":{"line":97,"column":9}},"97":{"start":{"line":98,"column":0},"end":{"line":98,"column":61}},"98":{"start":{"line":99,"column":0},"end":{"line":99,"column":24}},"99":{"start":{"line":100,"column":0},"end":{"line":100,"column":37}},"100":{"start":{"line":101,"column":0},"end":{"line":101,"column":7}},"101":{"start":{"line":102,"column":0},"end":{"line":102,"column":21}},"102":{"start":{"line":103,"column":0},"end":{"line":103,"column":56}},"103":{"start":{"line":104,"column":0},"end":{"line":104,"column":5}},"104":{"start":{"line":105,"column":0},"end":{"line":105,"column":16}},"105":{"start":{"line":106,"column":0},"end":{"line":106,"column":3}},"107":{"start":{"line":108,"column":0},"end":{"line":108,"column":37}},"108":{"start":{"line":109,"column":0},"end":{"line":109,"column":29}},"109":{"start":{"line":110,"column":0},"end":{"line":110,"column":11}},"110":{"start":{"line":111,"column":0},"end":{"line":111,"column":45}},"111":{"start":{"line":112,"column":0},"end":{"line":112,"column":66}},"112":{"start":{"line":113,"column":0},"end":{"line":113,"column":71}},"113":{"start":{"line":114,"column":0},"end":{"line":114,"column":51}},"114":{"start":{"line":115,"column":0},"end":{"line":115,"column":28}},"115":{"start":{"line":116,"column":0},"end":{"line":116,"column":40}},"116":{"start":{"line":117,"column":0},"end":{"line":117,"column":38}},"117":{"start":{"line":118,"column":0},"end":{"line":118,"column":9}},"118":{"start":{"line":119,"column":0},"end":{"line":119,"column":23}},"120":{"start":{"line":121,"column":0},"end":{"line":121,"column":7}},"121":{"start":{"line":122,"column":0},"end":{"line":122,"column":13}},"122":{"start":{"line":123,"column":0},"end":{"line":123,"column":3}},"124":{"start":{"line":125,"column":0},"end":{"line":125,"column":30}},"126":{"start":{"line":127,"column":0},"end":{"line":127,"column":196}},"127":{"start":{"line":128,"column":0},"end":{"line":128,"column":32}},"128":{"start":{"line":129,"column":0},"end":{"line":129,"column":21}},"129":{"start":{"line":130,"column":0},"end":{"line":130,"column":5}},"132":{"start":{"line":133,"column":0},"end":{"line":133,"column":44}},"133":{"start":{"line":134,"column":0},"end":{"line":134,"column":53}},"134":{"start":{"line":135,"column":0},"end":{"line":135,"column":26}},"135":{"start":{"line":136,"column":0},"end":{"line":136,"column":7}},"136":{"start":{"line":137,"column":0},"end":{"line":137,"column":7}},"137":{"start":{"line":138,"column":0},"end":{"line":138,"column":3}},"139":{"start":{"line":140,"column":0},"end":{"line":140,"column":51}},"141":{"start":{"line":142,"column":0},"end":{"line":142,"column":50}},"142":{"start":{"line":143,"column":0},"end":{"line":143,"column":43}},"143":{"start":{"line":144,"column":0},"end":{"line":144,"column":33}},"144":{"start":{"line":145,"column":0},"end":{"line":145,"column":11}},"145":{"start":{"line":146,"column":0},"end":{"line":146,"column":6}},"146":{"start":{"line":147,"column":0},"end":{"line":147,"column":51}},"149":{"start":{"line":150,"column":0},"end":{"line":150,"column":73}},"151":{"start":{"line":152,"column":0},"end":{"line":152,"column":67}},"152":{"start":{"line":153,"column":0},"end":{"line":153,"column":47}},"154":{"start":{"line":155,"column":0},"end":{"line":155,"column":110}},"155":{"start":{"line":156,"column":0},"end":{"line":156,"column":3}},"157":{"start":{"line":158,"column":0},"end":{"line":158,"column":99}},"158":{"start":{"line":159,"column":0},"end":{"line":159,"column":62}},"159":{"start":{"line":160,"column":0},"end":{"line":160,"column":3}},"161":{"start":{"line":162,"column":0},"end":{"line":162,"column":72}},"162":{"start":{"line":163,"column":0},"end":{"line":163,"column":32}},"163":{"start":{"line":164,"column":0},"end":{"line":164,"column":3}},"165":{"start":{"line":166,"column":0},"end":{"line":166,"column":92}},"166":{"start":{"line":167,"column":0},"end":{"line":167,"column":43}},"167":{"start":{"line":168,"column":0},"end":{"line":168,"column":3}},"169":{"start":{"line":170,"column":0},"end":{"line":170,"column":120}},"170":{"start":{"line":171,"column":0},"end":{"line":171,"column":31}},"171":{"start":{"line":172,"column":0},"end":{"line":172,"column":50}},"172":{"start":{"line":173,"column":0},"end":{"line":173,"column":32}},"174":{"start":{"line":175,"column":0},"end":{"line":175,"column":43}},"175":{"start":{"line":176,"column":0},"end":{"line":176,"column":30}},"176":{"start":{"line":177,"column":0},"end":{"line":177,"column":30}},"177":{"start":{"line":178,"column":0},"end":{"line":178,"column":29}},"178":{"start":{"line":179,"column":0},"end":{"line":179,"column":8}},"180":{"start":{"line":181,"column":0},"end":{"line":181,"column":62}},"181":{"start":{"line":182,"column":0},"end":{"line":182,"column":5}},"182":{"start":{"line":183,"column":0},"end":{"line":183,"column":3}},"184":{"start":{"line":185,"column":0},"end":{"line":185,"column":121}},"185":{"start":{"line":186,"column":0},"end":{"line":186,"column":35}},"186":{"start":{"line":187,"column":0},"end":{"line":187,"column":52}},"187":{"start":{"line":188,"column":0},"end":{"line":188,"column":42}},"188":{"start":{"line":189,"column":0},"end":{"line":189,"column":46}},"189":{"start":{"line":190,"column":0},"end":{"line":190,"column":12}},"190":{"start":{"line":191,"column":0},"end":{"line":191,"column":66}},"191":{"start":{"line":192,"column":0},"end":{"line":192,"column":5}},"192":{"start":{"line":193,"column":0},"end":{"line":193,"column":3}},"194":{"start":{"line":195,"column":0},"end":{"line":195,"column":98}},"195":{"start":{"line":196,"column":0},"end":{"line":196,"column":64}},"196":{"start":{"line":197,"column":0},"end":{"line":197,"column":142}},"197":{"start":{"line":198,"column":0},"end":{"line":198,"column":33}},"198":{"start":{"line":199,"column":0},"end":{"line":199,"column":37}},"200":{"start":{"line":201,"column":0},"end":{"line":201,"column":83}},"201":{"start":{"line":202,"column":0},"end":{"line":202,"column":49}},"202":{"start":{"line":203,"column":0},"end":{"line":203,"column":31}},"203":{"start":{"line":204,"column":0},"end":{"line":204,"column":33}},"205":{"start":{"line":206,"column":0},"end":{"line":206,"column":51}},"206":{"start":{"line":207,"column":0},"end":{"line":207,"column":56}},"207":{"start":{"line":208,"column":0},"end":{"line":208,"column":3}},"209":{"start":{"line":210,"column":0},"end":{"line":210,"column":92}},"210":{"start":{"line":211,"column":0},"end":{"line":211,"column":61}},"211":{"start":{"line":212,"column":0},"end":{"line":212,"column":65}},"213":{"start":{"line":214,"column":0},"end":{"line":214,"column":101}},"214":{"start":{"line":215,"column":0},"end":{"line":215,"column":31}},"215":{"start":{"line":216,"column":0},"end":{"line":216,"column":35}},"217":{"start":{"line":218,"column":0},"end":{"line":218,"column":83}},"218":{"start":{"line":219,"column":0},"end":{"line":219,"column":85}},"219":{"start":{"line":220,"column":0},"end":{"line":220,"column":31}},"220":{"start":{"line":221,"column":0},"end":{"line":221,"column":31}},"222":{"start":{"line":223,"column":0},"end":{"line":223,"column":49}},"223":{"start":{"line":224,"column":0},"end":{"line":224,"column":54}},"224":{"start":{"line":225,"column":0},"end":{"line":225,"column":3}},"226":{"start":{"line":227,"column":0},"end":{"line":227,"column":125}},"227":{"start":{"line":228,"column":0},"end":{"line":228,"column":58}},"228":{"start":{"line":229,"column":0},"end":{"line":229,"column":56}},"229":{"start":{"line":230,"column":0},"end":{"line":230,"column":31}},"230":{"start":{"line":231,"column":0},"end":{"line":231,"column":38}},"231":{"start":{"line":232,"column":0},"end":{"line":232,"column":38}},"232":{"start":{"line":233,"column":0},"end":{"line":233,"column":38}},"233":{"start":{"line":234,"column":0},"end":{"line":234,"column":36}},"234":{"start":{"line":235,"column":0},"end":{"line":235,"column":36}},"235":{"start":{"line":236,"column":0},"end":{"line":236,"column":6}},"237":{"start":{"line":238,"column":0},"end":{"line":238,"column":92}},"238":{"start":{"line":239,"column":0},"end":{"line":239,"column":28}},"239":{"start":{"line":240,"column":0},"end":{"line":240,"column":32}},"241":{"start":{"line":242,"column":0},"end":{"line":242,"column":80}},"243":{"start":{"line":244,"column":0},"end":{"line":244,"column":26}},"244":{"start":{"line":245,"column":0},"end":{"line":245,"column":45}},"245":{"start":{"line":246,"column":0},"end":{"line":246,"column":49}},"246":{"start":{"line":247,"column":0},"end":{"line":247,"column":78}},"247":{"start":{"line":248,"column":0},"end":{"line":248,"column":61}},"248":{"start":{"line":249,"column":0},"end":{"line":249,"column":12}},"249":{"start":{"line":250,"column":0},"end":{"line":250,"column":41}},"250":{"start":{"line":251,"column":0},"end":{"line":251,"column":5}},"252":{"start":{"line":253,"column":0},"end":{"line":253,"column":31}},"253":{"start":{"line":254,"column":0},"end":{"line":254,"column":28}},"256":{"start":{"line":257,"column":0},"end":{"line":257,"column":63}},"257":{"start":{"line":258,"column":0},"end":{"line":258,"column":48}},"258":{"start":{"line":259,"column":0},"end":{"line":259,"column":3}},"260":{"start":{"line":261,"column":0},"end":{"line":261,"column":87}},"262":{"start":{"line":263,"column":0},"end":{"line":263,"column":28}},"263":{"start":{"line":264,"column":0},"end":{"line":264,"column":110}},"264":{"start":{"line":265,"column":0},"end":{"line":265,"column":51}},"267":{"start":{"line":268,"column":0},"end":{"line":268,"column":30}},"268":{"start":{"line":269,"column":0},"end":{"line":269,"column":49}},"269":{"start":{"line":270,"column":0},"end":{"line":270,"column":32}},"270":{"start":{"line":271,"column":0},"end":{"line":271,"column":22}},"271":{"start":{"line":272,"column":0},"end":{"line":272,"column":63}},"274":{"start":{"line":275,"column":0},"end":{"line":275,"column":40}},"275":{"start":{"line":276,"column":0},"end":{"line":276,"column":26}},"276":{"start":{"line":277,"column":0},"end":{"line":277,"column":29}},"277":{"start":{"line":278,"column":0},"end":{"line":278,"column":12}},"278":{"start":{"line":279,"column":0},"end":{"line":279,"column":29}},"279":{"start":{"line":280,"column":0},"end":{"line":280,"column":5}},"280":{"start":{"line":281,"column":0},"end":{"line":281,"column":20}},"281":{"start":{"line":282,"column":0},"end":{"line":282,"column":28}},"282":{"start":{"line":283,"column":0},"end":{"line":283,"column":5}},"283":{"start":{"line":284,"column":0},"end":{"line":284,"column":20}},"284":{"start":{"line":285,"column":0},"end":{"line":285,"column":38}},"285":{"start":{"line":286,"column":0},"end":{"line":286,"column":5}},"286":{"start":{"line":287,"column":0},"end":{"line":287,"column":113}},"287":{"start":{"line":288,"column":0},"end":{"line":288,"column":26}},"289":{"start":{"line":290,"column":0},"end":{"line":290,"column":30}},"290":{"start":{"line":291,"column":0},"end":{"line":291,"column":37}},"291":{"start":{"line":292,"column":0},"end":{"line":292,"column":29}},"292":{"start":{"line":293,"column":0},"end":{"line":293,"column":29}},"294":{"start":{"line":295,"column":0},"end":{"line":295,"column":21}},"295":{"start":{"line":296,"column":0},"end":{"line":296,"column":31}},"296":{"start":{"line":297,"column":0},"end":{"line":297,"column":51}},"297":{"start":{"line":298,"column":0},"end":{"line":298,"column":20}},"298":{"start":{"line":299,"column":0},"end":{"line":299,"column":5}},"300":{"start":{"line":301,"column":0},"end":{"line":301,"column":28}},"301":{"start":{"line":302,"column":0},"end":{"line":302,"column":26}},"302":{"start":{"line":303,"column":0},"end":{"line":303,"column":3}},"304":{"start":{"line":305,"column":0},"end":{"line":305,"column":123}},"305":{"start":{"line":306,"column":0},"end":{"line":306,"column":57}},"306":{"start":{"line":307,"column":0},"end":{"line":307,"column":63}},"307":{"start":{"line":308,"column":0},"end":{"line":308,"column":38}},"308":{"start":{"line":309,"column":0},"end":{"line":309,"column":87}},"309":{"start":{"line":310,"column":0},"end":{"line":310,"column":61}},"310":{"start":{"line":311,"column":0},"end":{"line":311,"column":31}},"311":{"start":{"line":312,"column":0},"end":{"line":312,"column":8}},"312":{"start":{"line":313,"column":0},"end":{"line":313,"column":6}},"313":{"start":{"line":314,"column":0},"end":{"line":314,"column":38}},"314":{"start":{"line":315,"column":0},"end":{"line":315,"column":86}},"315":{"start":{"line":316,"column":0},"end":{"line":316,"column":55}},"316":{"start":{"line":317,"column":0},"end":{"line":317,"column":27}},"317":{"start":{"line":318,"column":0},"end":{"line":318,"column":8}},"318":{"start":{"line":319,"column":0},"end":{"line":319,"column":6}},"319":{"start":{"line":320,"column":0},"end":{"line":320,"column":38}},"320":{"start":{"line":321,"column":0},"end":{"line":321,"column":80}},"321":{"start":{"line":322,"column":0},"end":{"line":322,"column":43}},"322":{"start":{"line":323,"column":0},"end":{"line":323,"column":8}},"323":{"start":{"line":324,"column":0},"end":{"line":324,"column":6}},"324":{"start":{"line":325,"column":0},"end":{"line":325,"column":3}},"326":{"start":{"line":327,"column":0},"end":{"line":327,"column":65}},"329":{"start":{"line":330,"column":0},"end":{"line":330,"column":58}},"332":{"start":{"line":333,"column":0},"end":{"line":333,"column":53}},"335":{"start":{"line":336,"column":0},"end":{"line":336,"column":64}},"338":{"start":{"line":339,"column":0},"end":{"line":339,"column":70}},"341":{"start":{"line":342,"column":0},"end":{"line":342,"column":46}},"342":{"start":{"line":343,"column":0},"end":{"line":343,"column":21}},"343":{"start":{"line":344,"column":0},"end":{"line":344,"column":21}},"344":{"start":{"line":345,"column":0},"end":{"line":345,"column":17}},"345":{"start":{"line":346,"column":0},"end":{"line":346,"column":9}},"346":{"start":{"line":347,"column":0},"end":{"line":347,"column":27}},"347":{"start":{"line":348,"column":0},"end":{"line":348,"column":38}},"348":{"start":{"line":349,"column":0},"end":{"line":349,"column":18}},"349":{"start":{"line":350,"column":0},"end":{"line":350,"column":50}},"350":{"start":{"line":351,"column":0},"end":{"line":351,"column":6}},"351":{"start":{"line":352,"column":0},"end":{"line":352,"column":3}},"353":{"start":{"line":354,"column":0},"end":{"line":354,"column":104}},"354":{"start":{"line":355,"column":0},"end":{"line":355,"column":82}},"355":{"start":{"line":356,"column":0},"end":{"line":356,"column":67}},"357":{"start":{"line":358,"column":0},"end":{"line":358,"column":22}},"358":{"start":{"line":359,"column":0},"end":{"line":359,"column":31}},"359":{"start":{"line":360,"column":0},"end":{"line":360,"column":68}},"360":{"start":{"line":361,"column":0},"end":{"line":361,"column":5}},"361":{"start":{"line":362,"column":0},"end":{"line":362,"column":3}},"363":{"start":{"line":364,"column":0},"end":{"line":364,"column":146}},"364":{"start":{"line":365,"column":0},"end":{"line":365,"column":50}},"365":{"start":{"line":366,"column":0},"end":{"line":366,"column":48}},"367":{"start":{"line":368,"column":0},"end":{"line":368,"column":35}},"368":{"start":{"line":369,"column":0},"end":{"line":369,"column":22}},"369":{"start":{"line":370,"column":0},"end":{"line":370,"column":97}},"370":{"start":{"line":371,"column":0},"end":{"line":371,"column":96}},"371":{"start":{"line":372,"column":0},"end":{"line":372,"column":8}},"373":{"start":{"line":374,"column":0},"end":{"line":374,"column":68}},"374":{"start":{"line":375,"column":0},"end":{"line":375,"column":21}},"375":{"start":{"line":376,"column":0},"end":{"line":376,"column":19}},"376":{"start":{"line":377,"column":0},"end":{"line":377,"column":9}},"377":{"start":{"line":378,"column":0},"end":{"line":378,"column":35}},"378":{"start":{"line":379,"column":0},"end":{"line":379,"column":31}},"379":{"start":{"line":380,"column":0},"end":{"line":380,"column":5}},"380":{"start":{"line":381,"column":0},"end":{"line":381,"column":3}},"382":{"start":{"line":383,"column":0},"end":{"line":383,"column":70}},"384":{"start":{"line":385,"column":0},"end":{"line":385,"column":95}},"385":{"start":{"line":386,"column":0},"end":{"line":386,"column":51}},"387":{"start":{"line":388,"column":0},"end":{"line":388,"column":41}},"388":{"start":{"line":389,"column":0},"end":{"line":389,"column":33}},"390":{"start":{"line":391,"column":0},"end":{"line":391,"column":28}},"391":{"start":{"line":392,"column":0},"end":{"line":392,"column":33}},"392":{"start":{"line":393,"column":0},"end":{"line":393,"column":29}},"393":{"start":{"line":394,"column":0},"end":{"line":394,"column":32}},"394":{"start":{"line":395,"column":0},"end":{"line":395,"column":33}},"396":{"start":{"line":397,"column":0},"end":{"line":397,"column":28}},"399":{"start":{"line":400,"column":0},"end":{"line":400,"column":111}},"400":{"start":{"line":401,"column":0},"end":{"line":401,"column":71}},"401":{"start":{"line":402,"column":0},"end":{"line":402,"column":39}},"402":{"start":{"line":403,"column":0},"end":{"line":403,"column":84}},"404":{"start":{"line":405,"column":0},"end":{"line":405,"column":87}},"405":{"start":{"line":406,"column":0},"end":{"line":406,"column":51}},"406":{"start":{"line":407,"column":0},"end":{"line":407,"column":42}},"407":{"start":{"line":408,"column":0},"end":{"line":408,"column":40}},"408":{"start":{"line":409,"column":0},"end":{"line":409,"column":3}},"410":{"start":{"line":411,"column":0},"end":{"line":411,"column":83}},"412":{"start":{"line":413,"column":0},"end":{"line":413,"column":56}},"413":{"start":{"line":414,"column":0},"end":{"line":414,"column":36}},"415":{"start":{"line":416,"column":0},"end":{"line":416,"column":50}},"416":{"start":{"line":417,"column":0},"end":{"line":417,"column":27}},"418":{"start":{"line":419,"column":0},"end":{"line":419,"column":68}},"419":{"start":{"line":420,"column":0},"end":{"line":420,"column":20}},"420":{"start":{"line":421,"column":0},"end":{"line":421,"column":94}},"421":{"start":{"line":422,"column":0},"end":{"line":422,"column":5}},"422":{"start":{"line":423,"column":0},"end":{"line":423,"column":20}},"423":{"start":{"line":424,"column":0},"end":{"line":424,"column":82}},"424":{"start":{"line":425,"column":0},"end":{"line":425,"column":5}},"426":{"start":{"line":427,"column":0},"end":{"line":427,"column":25}},"428":{"start":{"line":429,"column":0},"end":{"line":429,"column":25}},"432":{"start":{"line":433,"column":0},"end":{"line":433,"column":37}},"433":{"start":{"line":434,"column":0},"end":{"line":434,"column":31}},"434":{"start":{"line":435,"column":0},"end":{"line":435,"column":33}},"435":{"start":{"line":436,"column":0},"end":{"line":436,"column":34}},"437":{"start":{"line":438,"column":0},"end":{"line":438,"column":39}},"438":{"start":{"line":439,"column":0},"end":{"line":439,"column":3}},"440":{"start":{"line":441,"column":0},"end":{"line":441,"column":31}},"441":{"start":{"line":442,"column":0},"end":{"line":442,"column":55}},"442":{"start":{"line":443,"column":0},"end":{"line":443,"column":34}},"443":{"start":{"line":444,"column":0},"end":{"line":444,"column":3}},"445":{"start":{"line":446,"column":0},"end":{"line":446,"column":45}},"446":{"start":{"line":447,"column":0},"end":{"line":447,"column":9}},"448":{"start":{"line":449,"column":0},"end":{"line":449,"column":56}},"449":{"start":{"line":450,"column":0},"end":{"line":450,"column":59}},"450":{"start":{"line":451,"column":0},"end":{"line":451,"column":21}},"451":{"start":{"line":452,"column":0},"end":{"line":452,"column":74}},"452":{"start":{"line":453,"column":0},"end":{"line":453,"column":5}},"453":{"start":{"line":454,"column":0},"end":{"line":454,"column":3}},"455":{"start":{"line":456,"column":0},"end":{"line":456,"column":22}},"456":{"start":{"line":457,"column":0},"end":{"line":457,"column":37}},"457":{"start":{"line":458,"column":0},"end":{"line":458,"column":26}},"458":{"start":{"line":459,"column":0},"end":{"line":459,"column":7}},"459":{"start":{"line":460,"column":0},"end":{"line":460,"column":3}},"461":{"start":{"line":462,"column":0},"end":{"line":462,"column":26}},"462":{"start":{"line":463,"column":0},"end":{"line":463,"column":25}},"463":{"start":{"line":464,"column":0},"end":{"line":464,"column":26}},"464":{"start":{"line":465,"column":0},"end":{"line":465,"column":3}},"465":{"start":{"line":466,"column":0},"end":{"line":466,"column":1}}},"s":{"0":1,"16":1,"17":78,"18":78,"19":78,"20":78,"21":78,"23":78,"24":78,"25":78,"26":78,"29":78,"32":78,"35":78,"38":78,"41":78,"44":78,"47":78,"50":78,"51":78,"53":78,"54":78,"55":78,"57":78,"58":78,"60":78,"61":78,"62":78,"63":78,"65":78,"66":78,"67":78,"68":78,"69":78,"70":78,"72":78,"73":78,"74":78,"75":78,"76":78,"77":78,"79":78,"80":78,"81":78,"82":78,"83":1,"84":1,"85":1,"86":78,"87":0,"88":0,"89":78,"91":78,"92":1,"93":1,"95":78,"96":78,"97":78,"98":78,"99":1,"100":1,"101":78,"102":72,"103":72,"104":77,"105":78,"107":78,"108":78,"109":0,"110":0,"111":0,"112":0,"113":0,"114":0,"115":0,"116":0,"117":0,"118":0,"120":0,"121":78,"122":78,"124":78,"126":0,"127":0,"128":0,"129":0,"132":0,"133":0,"134":0,"135":0,"136":0,"137":0,"139":78,"141":1,"142":1,"143":1,"144":1,"145":1,"146":1,"149":1,"151":1,"152":1,"154":1,"155":1,"157":78,"158":1,"159":1,"161":78,"162":1,"163":1,"165":78,"166":1,"167":1,"169":78,"170":1,"171":1,"172":1,"174":1,"175":1,"176":1,"177":1,"178":1,"180":1,"181":1,"182":1,"184":78,"185":1,"186":0,"187":1,"188":0,"189":1,"190":1,"191":1,"192":1,"194":78,"195":0,"196":0,"197":0,"198":0,"200":0,"201":0,"202":0,"203":0,"205":0,"206":0,"207":0,"209":78,"210":0,"211":0,"213":0,"214":0,"215":0,"217":0,"218":0,"219":0,"220":0,"222":0,"223":0,"224":0,"226":78,"227":1,"228":1,"229":1,"230":1,"231":1,"232":1,"233":1,"234":1,"235":1,"237":1,"238":1,"239":1,"241":1,"243":1,"244":0,"245":1,"246":0,"247":0,"248":1,"249":1,"250":1,"252":1,"253":1,"256":1,"257":1,"258":1,"260":78,"262":1,"263":1,"264":1,"267":1,"268":1,"269":1,"270":1,"271":1,"274":1,"275":1,"276":0,"277":1,"278":1,"279":1,"280":1,"281":0,"282":0,"283":1,"284":0,"285":0,"286":1,"287":1,"289":1,"290":1,"291":1,"292":1,"294":1,"295":1,"296":3,"297":3,"298":3,"300":1,"301":1,"302":1,"304":78,"305":0,"306":0,"307":0,"308":0,"309":0,"310":0,"311":0,"312":0,"313":0,"314":0,"315":0,"316":0,"317":0,"318":0,"319":0,"320":0,"321":0,"322":0,"323":0,"324":0,"326":78,"329":0,"332":0,"335":0,"338":0,"341":0,"342":0,"343":0,"344":0,"345":0,"346":0,"347":0,"348":0,"349":0,"350":0,"351":0,"353":78,"354":1,"355":1,"357":1,"358":1,"359":0,"360":0,"361":1,"363":78,"364":0,"365":0,"367":0,"368":0,"369":0,"370":0,"371":0,"373":0,"374":0,"375":0,"376":0,"377":0,"378":0,"379":0,"380":0,"382":78,"384":0,"385":0,"387":0,"388":0,"390":0,"391":0,"392":0,"393":0,"394":0,"396":0,"399":0,"400":0,"401":0,"402":0,"404":0,"405":0,"406":0,"407":0,"408":0,"410":78,"412":0,"413":0,"415":0,"416":0,"418":0,"419":0,"420":0,"421":0,"422":0,"423":0,"424":0,"426":0,"428":0,"432":0,"433":0,"434":0,"435":0,"437":0,"438":0,"440":78,"441":0,"442":0,"443":0,"445":78,"446":78,"448":78,"449":78,"450":78,"451":0,"452":0,"453":78,"455":78,"456":1,"457":0,"458":1,"459":1,"461":78,"462":2,"463":2,"464":2,"465":78},"branchMap":{"0":{"type":"branch","line":17,"loc":{"start":{"line":17,"column":28},"end":{"line":466,"column":1}},"locations":[{"start":{"line":17,"column":28},"end":{"line":466,"column":1}}]},"1":{"type":"branch","line":24,"loc":{"start":{"line":24,"column":2},"end":{"line":52,"column":3}},"locations":[{"start":{"line":24,"column":2},"end":{"line":52,"column":3}}]},"2":{"type":"branch","line":54,"loc":{"start":{"line":54,"column":10},"end":{"line":59,"column":3}},"locations":[{"start":{"line":54,"column":10},"end":{"line":59,"column":3}}]},"3":{"type":"branch","line":61,"loc":{"start":{"line":61,"column":10},"end":{"line":64,"column":3}},"locations":[{"start":{"line":61,"column":10},"end":{"line":64,"column":3}}]},"4":{"type":"branch","line":66,"loc":{"start":{"line":66,"column":10},"end":{"line":71,"column":3}},"locations":[{"start":{"line":66,"column":10},"end":{"line":71,"column":3}}]},"5":{"type":"branch","line":73,"loc":{"start":{"line":73,"column":10},"end":{"line":78,"column":3}},"locations":[{"start":{"line":73,"column":10},"end":{"line":78,"column":3}}]},"6":{"type":"branch","line":80,"loc":{"start":{"line":80,"column":2},"end":{"line":90,"column":3}},"locations":[{"start":{"line":80,"column":2},"end":{"line":90,"column":3}}]},"7":{"type":"branch","line":83,"loc":{"start":{"line":83,"column":10},"end":{"line":83,"column":43}},"locations":[{"start":{"line":83,"column":10},"end":{"line":83,"column":43}}]},"8":{"type":"branch","line":83,"loc":{"start":{"line":83,"column":43},"end":{"line":86,"column":7}},"locations":[{"start":{"line":83,"column":43},"end":{"line":86,"column":7}}]},"9":{"type":"branch","line":87,"loc":{"start":{"line":87,"column":4},"end":{"line":89,"column":5}},"locations":[{"start":{"line":87,"column":4},"end":{"line":89,"column":5}}]},"10":{"type":"branch","line":92,"loc":{"start":{"line":92,"column":10},"end":{"line":94,"column":3}},"locations":[{"start":{"line":92,"column":10},"end":{"line":94,"column":3}}]},"11":{"type":"branch","line":96,"loc":{"start":{"line":96,"column":2},"end":{"line":106,"column":3}},"locations":[{"start":{"line":96,"column":2},"end":{"line":106,"column":3}}]},"12":{"type":"branch","line":98,"loc":{"start":{"line":98,"column":59},"end":{"line":99,"column":23}},"locations":[{"start":{"line":98,"column":59},"end":{"line":99,"column":23}}]},"13":{"type":"branch","line":99,"loc":{"start":{"line":99,"column":23},"end":{"line":101,"column":7}},"locations":[{"start":{"line":99,"column":23},"end":{"line":101,"column":7}}]},"14":{"type":"branch","line":102,"loc":{"start":{"line":102,"column":4},"end":{"line":104,"column":5}},"locations":[{"start":{"line":102,"column":4},"end":{"line":104,"column":5}}]},"15":{"type":"branch","line":104,"loc":{"start":{"line":104,"column":4},"end":{"line":105,"column":16}},"locations":[{"start":{"line":104,"column":4},"end":{"line":105,"column":16}}]},"16":{"type":"branch","line":108,"loc":{"start":{"line":108,"column":10},"end":{"line":123,"column":3}},"locations":[{"start":{"line":108,"column":10},"end":{"line":123,"column":3}}]},"17":{"type":"branch","line":140,"loc":{"start":{"line":140,"column":10},"end":{"line":156,"column":3}},"locations":[{"start":{"line":140,"column":10},"end":{"line":156,"column":3}}]},"18":{"type":"branch","line":144,"loc":{"start":{"line":144,"column":22},"end":{"line":144,"column":31}},"locations":[{"start":{"line":144,"column":22},"end":{"line":144,"column":31}}]},"19":{"type":"branch","line":158,"loc":{"start":{"line":158,"column":10},"end":{"line":160,"column":3}},"locations":[{"start":{"line":158,"column":10},"end":{"line":160,"column":3}}]},"20":{"type":"branch","line":162,"loc":{"start":{"line":162,"column":10},"end":{"line":164,"column":3}},"locations":[{"start":{"line":162,"column":10},"end":{"line":164,"column":3}}]},"21":{"type":"branch","line":166,"loc":{"start":{"line":166,"column":10},"end":{"line":168,"column":3}},"locations":[{"start":{"line":166,"column":10},"end":{"line":168,"column":3}}]},"22":{"type":"branch","line":170,"loc":{"start":{"line":170,"column":10},"end":{"line":183,"column":3}},"locations":[{"start":{"line":170,"column":10},"end":{"line":183,"column":3}}]},"23":{"type":"branch","line":173,"loc":{"start":{"line":173,"column":23},"end":{"line":173,"column":32}},"locations":[{"start":{"line":173,"column":23},"end":{"line":173,"column":32}}]},"24":{"type":"branch","line":185,"loc":{"start":{"line":185,"column":10},"end":{"line":193,"column":3}},"locations":[{"start":{"line":185,"column":10},"end":{"line":193,"column":3}}]},"25":{"type":"branch","line":186,"loc":{"start":{"line":186,"column":34},"end":{"line":188,"column":15}},"locations":[{"start":{"line":186,"column":34},"end":{"line":188,"column":15}}]},"26":{"type":"branch","line":188,"loc":{"start":{"line":188,"column":41},"end":{"line":190,"column":11}},"locations":[{"start":{"line":188,"column":41},"end":{"line":190,"column":11}}]},"27":{"type":"branch","line":227,"loc":{"start":{"line":227,"column":10},"end":{"line":259,"column":3}},"locations":[{"start":{"line":227,"column":10},"end":{"line":259,"column":3}}]},"28":{"type":"branch","line":244,"loc":{"start":{"line":244,"column":25},"end":{"line":246,"column":15}},"locations":[{"start":{"line":244,"column":25},"end":{"line":246,"column":15}}]},"29":{"type":"branch","line":246,"loc":{"start":{"line":246,"column":48},"end":{"line":249,"column":11}},"locations":[{"start":{"line":246,"column":48},"end":{"line":249,"column":11}}]},"30":{"type":"branch","line":261,"loc":{"start":{"line":261,"column":10},"end":{"line":303,"column":3}},"locations":[{"start":{"line":261,"column":10},"end":{"line":303,"column":3}}]},"31":{"type":"branch","line":276,"loc":{"start":{"line":276,"column":25},"end":{"line":278,"column":11}},"locations":[{"start":{"line":276,"column":25},"end":{"line":278,"column":11}}]},"32":{"type":"branch","line":281,"loc":{"start":{"line":281,"column":19},"end":{"line":283,"column":5}},"locations":[{"start":{"line":281,"column":19},"end":{"line":283,"column":5}}]},"33":{"type":"branch","line":284,"loc":{"start":{"line":284,"column":19},"end":{"line":286,"column":5}},"locations":[{"start":{"line":284,"column":19},"end":{"line":286,"column":5}}]},"34":{"type":"branch","line":287,"loc":{"start":{"line":287,"column":49},"end":{"line":287,"column":113}},"locations":[{"start":{"line":287,"column":49},"end":{"line":287,"column":113}}]},"35":{"type":"branch","line":296,"loc":{"start":{"line":296,"column":30},"end":{"line":299,"column":5}},"locations":[{"start":{"line":296,"column":30},"end":{"line":299,"column":5}}]},"36":{"type":"branch","line":354,"loc":{"start":{"line":354,"column":10},"end":{"line":362,"column":3}},"locations":[{"start":{"line":354,"column":10},"end":{"line":362,"column":3}}]},"37":{"type":"branch","line":359,"loc":{"start":{"line":359,"column":30},"end":{"line":361,"column":5}},"locations":[{"start":{"line":359,"column":30},"end":{"line":361,"column":5}}]},"38":{"type":"branch","line":446,"loc":{"start":{"line":446,"column":2},"end":{"line":454,"column":3}},"locations":[{"start":{"line":446,"column":2},"end":{"line":454,"column":3}}]},"39":{"type":"branch","line":451,"loc":{"start":{"line":451,"column":4},"end":{"line":453,"column":5}},"locations":[{"start":{"line":451,"column":4},"end":{"line":453,"column":5}}]},"40":{"type":"branch","line":456,"loc":{"start":{"line":456,"column":9},"end":{"line":460,"column":3}},"locations":[{"start":{"line":456,"column":9},"end":{"line":460,"column":3}}]},"41":{"type":"branch","line":462,"loc":{"start":{"line":462,"column":9},"end":{"line":465,"column":3}},"locations":[{"start":{"line":462,"column":9},"end":{"line":465,"column":3}}]}},"b":{"0":[78],"1":[78],"2":[78],"3":[78],"4":[78],"5":[78],"6":[78],"7":[1],"8":[1],"9":[0],"10":[1],"11":[78],"12":[6],"13":[1],"14":[72],"15":[77],"16":[78],"17":[1],"18":[1],"19":[1],"20":[1],"21":[1],"22":[1],"23":[0],"24":[1],"25":[0],"26":[0],"27":[1],"28":[0],"29":[0],"30":[1],"31":[0],"32":[0],"33":[0],"34":[0],"35":[3],"36":[1],"37":[0],"38":[78],"39":[0],"40":[1],"41":[2]},"fnMap":{"0":{"name":"<instance_members_initializer>","decl":{"start":{"line":17,"column":28},"end":{"line":466,"column":1}},"loc":{"start":{"line":17,"column":28},"end":{"line":466,"column":1}},"line":17},"1":{"name":"VRSceneManager","decl":{"start":{"line":24,"column":2},"end":{"line":52,"column":3}},"loc":{"start":{"line":24,"column":2},"end":{"line":52,"column":3}},"line":24},"2":{"name":"setupLighting","decl":{"start":{"line":54,"column":10},"end":{"line":59,"column":3}},"loc":{"start":{"line":54,"column":10},"end":{"line":59,"column":3}},"line":54},"3":{"name":"createPointLight","decl":{"start":{"line":61,"column":10},"end":{"line":64,"column":3}},"loc":{"start":{"line":61,"column":10},"end":{"line":64,"column":3}},"line":61},"4":{"name":"setupCamera","decl":{"start":{"line":66,"column":10},"end":{"line":71,"column":3}},"loc":{"start":{"line":66,"column":10},"end":{"line":71,"column":3}},"line":66},"5":{"name":"createGround","decl":{"start":{"line":73,"column":10},"end":{"line":78,"column":3}},"loc":{"start":{"line":73,"column":10},"end":{"line":78,"column":3}},"line":73},"6":{"name":"initializeCodeVisualization","decl":{"start":{"line":80,"column":2},"end":{"line":90,"column":3}},"loc":{"start":{"line":80,"column":2},"end":{"line":90,"column":3}},"line":80},"7":{"name":"validateGraphData","decl":{"start":{"line":92,"column":10},"end":{"line":94,"column":3}},"loc":{"start":{"line":92,"column":10},"end":{"line":94,"column":3}},"line":92},"8":{"name":"loadGraph","decl":{"start":{"line":96,"column":2},"end":{"line":106,"column":3}},"loc":{"start":{"line":96,"column":2},"end":{"line":106,"column":3}},"line":96},"9":{"name":"setupGraphPolling","decl":{"start":{"line":108,"column":10},"end":{"line":123,"column":3}},"loc":{"start":{"line":108,"column":10},"end":{"line":123,"column":3}},"line":108},"10":{"name":"clearGraph","decl":{"start":{"line":125,"column":10},"end":{"line":138,"column":3}},"loc":{"start":{"line":125,"column":10},"end":{"line":138,"column":3}},"line":125},"11":{"name":"renderCodeGraph","decl":{"start":{"line":140,"column":10},"end":{"line":156,"column":3}},"loc":{"start":{"line":140,"column":10},"end":{"line":156,"column":3}},"line":140},"12":{"name":"buildEdgeList","decl":{"start":{"line":158,"column":10},"end":{"line":160,"column":3}},"loc":{"start":{"line":158,"column":10},"end":{"line":160,"column":3}},"line":158},"13":{"name":"computeLayout","decl":{"start":{"line":162,"column":10},"end":{"line":164,"column":3}},"loc":{"start":{"line":162,"column":10},"end":{"line":164,"column":3}},"line":162},"14":{"name":"extractCallingFunctions","decl":{"start":{"line":166,"column":10},"end":{"line":168,"column":3}},"loc":{"start":{"line":166,"column":10},"end":{"line":168,"column":3}},"line":166},"15":{"name":"renderNodes","decl":{"start":{"line":170,"column":10},"end":{"line":183,"column":3}},"loc":{"start":{"line":170,"column":10},"end":{"line":183,"column":3}},"line":170},"16":{"name":"createNodeMesh","decl":{"start":{"line":185,"column":10},"end":{"line":193,"column":3}},"loc":{"start":{"line":185,"column":10},"end":{"line":193,"column":3}},"line":185},"17":{"name":"createExternalModuleMesh","decl":{"start":{"line":195,"column":10},"end":{"line":208,"column":3}},"loc":{"start":{"line":195,"column":10},"end":{"line":208,"column":3}},"line":195},"18":{"name":"createVariableMesh","decl":{"start":{"line":210,"column":10},"end":{"line":225,"column":3}},"loc":{"start":{"line":210,"column":10},"end":{"line":225,"column":3}},"line":210},"19":{"name":"createFunctionMesh","decl":{"start":{"line":227,"column":10},"end":{"line":259,"column":3}},"loc":{"start":{"line":227,"column":10},"end":{"line":259,"column":3}},"line":227},"20":{"name":"createSignatureTexture","decl":{"start":{"line":261,"column":10},"end":{"line":303,"column":3}},"loc":{"start":{"line":261,"column":10},"end":{"line":303,"column":3}},"line":261},"21":{"name":"setupNodeInteraction","decl":{"start":{"line":305,"column":10},"end":{"line":325,"column":3}},"loc":{"start":{"line":305,"column":10},"end":{"line":325,"column":3}},"line":305},"22":{"name":"sceneRootFlyTo","decl":{"start":{"line":327,"column":10},"end":{"line":352,"column":3}},"loc":{"start":{"line":327,"column":10},"end":{"line":352,"column":3}},"line":327},"23":{"name":"renderEdges","decl":{"start":{"line":354,"column":10},"end":{"line":362,"column":3}},"loc":{"start":{"line":354,"column":10},"end":{"line":362,"column":3}},"line":354},"24":{"name":"renderEdge","decl":{"start":{"line":364,"column":10},"end":{"line":381,"column":3}},"loc":{"start":{"line":364,"column":10},"end":{"line":381,"column":3}},"line":364},"25":{"name":"createLabel","decl":{"start":{"line":383,"column":10},"end":{"line":409,"column":3}},"loc":{"start":{"line":383,"column":10},"end":{"line":409,"column":3}},"line":383},"26":{"name":"showTooltip","decl":{"start":{"line":411,"column":10},"end":{"line":439,"column":3}},"loc":{"start":{"line":411,"column":10},"end":{"line":439,"column":3}},"line":411},"27":{"name":"hideTooltip","decl":{"start":{"line":441,"column":10},"end":{"line":444,"column":3}},"loc":{"start":{"line":441,"column":10},"end":{"line":444,"column":3}},"line":441},"28":{"name":"setupWebXR","decl":{"start":{"line":446,"column":2},"end":{"line":454,"column":3}},"loc":{"start":{"line":446,"column":2},"end":{"line":454,"column":3}},"line":446},"29":{"name":"run","decl":{"start":{"line":456,"column":9},"end":{"line":460,"column":3}},"loc":{"start":{"line":456,"column":9},"end":{"line":460,"column":3}},"line":456},"30":{"name":"dispose","decl":{"start":{"line":462,"column":9},"end":{"line":465,"column":3}},"loc":{"start":{"line":462,"column":9},"end":{"line":465,"column":3}},"line":462}},"f":{"0":78,"1":78,"2":78,"3":78,"4":78,"5":78,"6":78,"7":1,"8":78,"9":78,"10":0,"11":1,"12":1,"13":1,"14":1,"15":1,"16":1,"17":0,"18":0,"19":1,"20":1,"21":0,"22":0,"23":1,"24":0,"25":0,"26":0,"27":0,"28":78,"29":1,"30":2}}
,"C:\\Projects\\mmongan\\unitcircle\\unitcirclevr\\src\\counter.ts": {"path":"C:\\Projects\\mmongan\\unitcircle\\unitcirclevr\\src\\counter.ts","all":false,"statementMap":{"0":{"start":{"line":1,"column":0},"end":{"line":1,"column":58}},"1":{"start":{"line":2,"column":0},"end":{"line":2,"column":18}},"2":{"start":{"line":3,"column":0},"end":{"line":3,"column":43}},"3":{"start":{"line":4,"column":0},"end":{"line":4,"column":45}},"4":{"start":{"line":5,"column":0},"end":{"line":5,"column":43}},"5":{"start":{"line":6,"column":0},"end":{"line":6,"column":5}},"6":{"start":{"line":7,"column":0},"end":{"line":7,"column":29}},"7":{"start":{"line":8,"column":0},"end":{"line":8,"column":1}},"9":{"start":{"line":10,"column":0},"end":{"line":10,"column":80}},"10":{"start":{"line":11,"column":0},"end":{"line":11,"column":36}},"11":{"start":{"line":12,"column":0},"end":{"line":12,"column":1}},"13":{"start":{"line":14,"column":0},"end":{"line":14,"column":77}},"14":{"start":{"line":15,"column":0},"end":{"line":15,"column":42}},"15":{"start":{"line":16,"column":0},"end":{"line":16,"column":1}},"17":{"start":{"line":18,"column":0},"end":{"line":18,"column":62}},"18":{"start":{"line":19,"column":0},"end":{"line":19,"column":35}},"19":{"start":{"line":20,"column":0},"end":{"line":20,"column":1}},"21":{"start":{"line":22,"column":0},"end":{"line":22,"column":57}},"22":{"start":{"line":23,"column":0},"end":{"line":23,"column":21}},"23":{"start":{"line":24,"column":0},"end":{"line":24,"column":1}}},"s":{"0":1,"1":30,"2":30,"3":1225,"4":1225,"5":30,"6":30,"7":30,"9":1255,"10":1255,"11":1255,"13":1255,"14":1255,"15":1255,"17":30,"18":30,"19":30,"21":1225,"22":1225,"23":1225},"branchMap":{"0":{"type":"branch","line":1,"loc":{"start":{"line":1,"column":7},"end":{"line":8,"column":1}},"locations":[{"start":{"line":1,"column":7},"end":{"line":8,"column":1}}]},"1":{"type":"branch","line":3,"loc":{"start":{"line":3,"column":36},"end":{"line":6,"column":3}},"locations":[{"start":{"line":3,"column":36},"end":{"line":6,"column":3}}]},"2":{"type":"branch","line":10,"loc":{"start":{"line":10,"column":0},"end":{"line":12,"column":1}},"locations":[{"start":{"line":10,"column":0},"end":{"line":12,"column":1}}]},"3":{"type":"branch","line":14,"loc":{"start":{"line":14,"column":0},"end":{"line":16,"column":1}},"locations":[{"start":{"line":14,"column":0},"end":{"line":16,"column":1}}]},"4":{"type":"branch","line":18,"loc":{"start":{"line":18,"column":0},"end":{"line":20,"column":1}},"locations":[{"start":{"line":18,"column":0},"end":{"line":20,"column":1}}]},"5":{"type":"branch","line":22,"loc":{"start":{"line":22,"column":0},"end":{"line":24,"column":1}},"locations":[{"start":{"line":22,"column":0},"end":{"line":24,"column":1}}]}},"b":{"0":[30],"1":[1225],"2":[1255],"3":[1255],"4":[30],"5":[1225]},"fnMap":{"0":{"name":"setupCounter","decl":{"start":{"line":1,"column":7},"end":{"line":8,"column":1}},"loc":{"start":{"line":1,"column":7},"end":{"line":8,"column":1}},"line":1},"1":{"name":"updateCounterDisplay","decl":{"start":{"line":10,"column":0},"end":{"line":12,"column":1}},"loc":{"start":{"line":10,"column":0},"end":{"line":12,"column":1}},"line":10},"2":{"name":"formatCounterText","decl":{"start":{"line":14,"column":0},"end":{"line":16,"column":1}},"loc":{"start":{"line":14,"column":0},"end":{"line":16,"column":1}},"line":14},"3":{"name":"initializeCounter","decl":{"start":{"line":18,"column":0},"end":{"line":20,"column":1}},"loc":{"start":{"line":18,"column":0},"end":{"line":20,"column":1}},"line":18},"4":{"name":"incrementCounterValue","decl":{"start":{"line":22,"column":0},"end":{"line":24,"column":1}},"loc":{"start":{"line":22,"column":0},"end":{"line":24,"column":1}},"line":22}},"f":{"0":30,"1":1255,"2":1255,"3":30,"4":1225}}
}
